<?xml version="1.0" encoding="UTF-8"?>
<!-- Generated by org.testng.reporters.JUnitXMLReporter -->
<testsuite ignored="0" hostname="NAHARINA-LAP" failures="6" tests="6" name="Regressionnew" time="169.228" errors="0" timestamp="29 Nov 2019 09:34:58 GMT">
  <testcase classname="com.OCI.TestCases.TssApplication_Container_Operations" name="Stop" time="115.3">
    <failure type="java.lang.AssertionError" message="expected [true] but found [false]">
      <![CDATA[java.lang.AssertionError: expected [true] but found [false]
at com.OCI.TestCases.TssApplication_Container_Operations.Stop(TssApplication_Container_Operations.java:103)
... Removed 28 stack frames]]>
    </failure>
  </testcase> <!-- Stop -->
  <testcase classname="com.OCI.TestCases.TssApplication_Container_Operations" name="reStart" time="5.164">
    <failure type="java.lang.AssertionError" message="expected [true] but found [false]">
      <![CDATA[java.lang.AssertionError: expected [true] but found [false]
at com.OCI.TestCases.TssApplication_Container_Operations.reStart(TssApplication_Container_Operations.java:227)
... Removed 28 stack frames]]>
    </failure>
  </testcase> <!-- reStart -->
  <testcase classname="com.OCI.TestCases.TssApplication_Container_Operations" name="dump_Threads" time="5.115">
    <failure type="java.lang.AssertionError" message="expected [true] but found [false]">
      <![CDATA[java.lang.AssertionError: expected [true] but found [false]
at com.OCI.TestCases.TssApplication_Container_Operations.dump_Threads(TssApplication_Container_Operations.java:284)
... Removed 28 stack frames]]>
    </failure>
  </testcase> <!-- dump_Threads -->
  <testcase classname="com.OCI.TestCases.TssApplication_Container_Operations" name="rolling_Restart" time="5.086">
    <failure type="java.lang.AssertionError" message="expected [true] but found [false]">
      <![CDATA[java.lang.AssertionError: expected [true] but found [false]
at com.OCI.TestCases.TssApplication_Container_Operations.rolling_Restart(TssApplication_Container_Operations.java:341)
... Removed 28 stack frames]]>
    </failure>
  </testcase> <!-- rolling_Restart -->
  <testcase classname="com.OCI.TestCases.TssApplication_Container_Operations" name="hard_Stop" time="5.169">
    <failure type="java.lang.AssertionError" message="expected [true] but found [false]">
      <![CDATA[java.lang.AssertionError: expected [true] but found [false]
at com.OCI.TestCases.TssApplication_Container_Operations.hard_Stop(TssApplication_Container_Operations.java:399)
... Removed 28 stack frames]]>
    </failure>
  </testcase> <!-- hard_Stop -->
  <testcase classname="com.OCI.TestCases.TssApplication_Container_Operations" name="Start" time="5.101">
    <failure type="java.lang.AssertionError" message="expected [true] but found [false]">
      <![CDATA[java.lang.AssertionError: expected [true] but found [false]
at com.OCI.TestCases.TssApplication_Container_Operations.Start(TssApplication_Container_Operations.java:166)
... Removed 28 stack frames]]>
    </failure>
  </testcase> <!-- Start -->
</testsuite> <!-- Regressionnew -->
